

Version:	3.50
CmdLine:	C:\Users\consp\OneDrive\SYS WG0X\Windows 11\SYS WG0X\Desktop\exe\ERP.exe --l4j-debug
JNI:		No
WOW64:		Yes
Working dir:	C:\Users\consp\OneDrive\SYS WG0X\Windows 11\SYS WG0X\Desktop\exe\.
Requires JDK:	No
Requires 64-Bit: No
Java min ver:	
Java max ver:	
JRE paths:	bin\jre1.8.0_361
Check launcher:	C:\Users\consp\OneDrive\SYS WG0X\Windows 11\SYS WG0X\Desktop\exe\bin\jre1.8.0_361\bin\javaw.exe (OK)
Version string: 1.008.000_361 / 64-Bit (OK)
Launcher:	C:\Users\consp\OneDrive\SYS WG0X\Windows 11\SYS WG0X\Desktop\exe\bin\jre1.8.0_361\bin\javaw.exe
Launcher args:	-jar "C:\Users\consp\OneDrive\SYS WG0X\Windows 11\SYS WG0X\Desktop\exe\ERP.exe"
Args length:	79/32768 chars
Exit code:	0


Version:	3.50
CmdLine:	C:\Users\consp\OneDrive\SYS WG0X\Windows 11\SYS WG0X\Desktop\exe\ERP.exe --l4j-debug
JNI:		No
WOW64:		Yes
Working dir:	C:\Users\consp\OneDrive\SYS WG0X\Windows 11\SYS WG0X\Desktop\exe\.
Requires JDK:	No
Requires 64-Bit: No
Java min ver:	
Java max ver:	
JRE paths:	bin\jre1.8.0_361
Check launcher:	C:\Users\consp\OneDrive\SYS WG0X\Windows 11\SYS WG0X\Desktop\exe\bin\jre1.8.0_361\bin\javaw.exe (OK)
Version string: 1.008.000_361 / 64-Bit (OK)
Launcher:	C:\Users\consp\OneDrive\SYS WG0X\Windows 11\SYS WG0X\Desktop\exe\bin\jre1.8.0_361\bin\javaw.exe
Launcher args:	-jar "C:\Users\consp\OneDrive\SYS WG0X\Windows 11\SYS WG0X\Desktop\exe\ERP.exe"
Args length:	79/32768 chars
Exit code:	0


Version:	3.50
CmdLine:	C:\Users\consp\OneDrive\SYS WG0X\Windows 11\SYS WG0X\Desktop\exe\ERP.exe --l4j-debug
JNI:		No
WOW64:		Yes
Working dir:	C:\Users\consp\OneDrive\SYS WG0X\Windows 11\SYS WG0X\Desktop\exe\.
Requires JDK:	No
Requires 64-Bit: No
Java min ver:	
Java max ver:	
JRE paths:	bin\jre1.8.0_361
Check launcher:	C:\Users\consp\OneDrive\SYS WG0X\Windows 11\SYS WG0X\Desktop\exe\bin\jre1.8.0_361\bin\javaw.exe (OK)
Version string: 1.008.000_361 / 64-Bit (OK)
Launcher:	C:\Users\consp\OneDrive\SYS WG0X\Windows 11\SYS WG0X\Desktop\exe\bin\jre1.8.0_361\bin\javaw.exe
Launcher args:	-jar "C:\Users\consp\OneDrive\SYS WG0X\Windows 11\SYS WG0X\Desktop\exe\ERP.exe"
Args length:	79/32768 chars
Exit code:	0


Version:	3.50
CmdLine:	C:\Users\consp\OneDrive\SYS WG0X\Windows 11\SYS WG0X\Desktop\exe\ERP.exe --l4j-debug
JNI:		No
WOW64:		Yes
Working dir:	C:\Users\consp\OneDrive\SYS WG0X\Windows 11\SYS WG0X\Desktop\exe\.
Requires JDK:	No
Requires 64-Bit: No
Java min ver:	
Java max ver:	
JRE paths:	bin\jre1.8.0_361
Check launcher:	C:\Users\consp\OneDrive\SYS WG0X\Windows 11\SYS WG0X\Desktop\exe\bin\jre1.8.0_361\bin\javaw.exe (OK)
Version string: 1.008.000_361 / 64-Bit (OK)
Launcher:	C:\Users\consp\OneDrive\SYS WG0X\Windows 11\SYS WG0X\Desktop\exe\bin\jre1.8.0_361\bin\javaw.exe
Launcher args:	-jar "C:\Users\consp\OneDrive\SYS WG0X\Windows 11\SYS WG0X\Desktop\exe\ERP.exe"
Args length:	79/32768 chars
Exit code:	0


Version:	3.50
CmdLine:	C:\Users\consp\OneDrive\SYS WG0X\Windows 11\SYS WG0X\Desktop\exe\ERP.exe --l4j-debug
JNI:		No
WOW64:		Yes
Working dir:	C:\Users\consp\OneDrive\SYS WG0X\Windows 11\SYS WG0X\Desktop\exe\.
Requires JDK:	No
Requires 64-Bit: No
Java min ver:	
Java max ver:	
JRE paths:	bin\jdk19.0.2\bin
Check launcher:	C:\Users\consp\OneDrive\SYS WG0X\Windows 11\SYS WG0X\Desktop\exe\bin\jdk19.0.2\bin\javaw.exe (OK)
Version string: 1.019.000_002 / 64-Bit (OK)
Main class:	Account.LoginFrame
Add classpath:	lib\swingx-action-1.7.5.jar
Add classpath:	lib\swingx-autocomplete-1.7.5.jar
Add classpath:	lib\swingx-common-1.7.5.jar
Add classpath:	lib\swingx-core-1.7.5.jar
Add classpath:	lib\swingx-graphics-1.7.5.jar
Add classpath:	lib\swingx-painters-1.7.5.jar
Add classpath:	lib\swingx-plaf-1.7.5.jar
Add classpath:	lib\derby-10.16.1.1.jar
Add classpath:	lib\derby.jar
Add classpath:	lib\derby.war
Add classpath:	lib\derbyLocale_cs.jar
Add classpath:	lib\derbyLocale_de_DE.jar
Add classpath:	lib\derbyLocale_es.jar
Add classpath:	lib\derbyLocale_fr.jar
Add classpath:	lib\derbyLocale_hu.jar
Add classpath:	lib\derbyLocale_it.jar
Add classpath:	lib\derbyLocale_ja_JP.jar
Add classpath:	lib\derbyLocale_ko_KR.jar
Add classpath:	lib\derbyLocale_pl.jar
Add classpath:	lib\derbyLocale_pt_BR.jar
Add classpath:	lib\derbyLocale_ru.jar
Add classpath:	lib\derbyLocale_zh_CN.jar
Add classpath:	lib\derbyLocale_zh_TW.jar
Add classpath:	lib\derbyclient.jar
Add classpath:	lib\derbynet.jar
Add classpath:	lib\derbyoptionaltools.jar
Add classpath:	lib\derbyrun.jar
Add classpath:	lib\derbyshared.jar
Add classpath:	lib\derbytools.jar
Add classpath:	lib\AbsoluteLayout.jar
Add classpath:	lib\ojdbc11.jar
Add classpath:	lib\controlsfx-11.1.2.jar
Add classpath:	lib\javafx-base-20.0.1-linux.jar
Add classpath:	lib\javafx-base-20.0.1.jar
Add classpath:	lib\javafx-graphics-20.0.1-linux.jar
Add classpath:	lib\javafx-graphics-20.0.1.jar
Add classpath:	lib\htmlcleaner-2.28.jar
Add classpath:	lib\dms.jar
Add classpath:	lib\ojdbc11.jar
Add classpath:	lib\ons.jar
Add classpath:	lib\oraclepki.jar
Add classpath:	lib\orai18n.jar
Add classpath:	lib\rsi.jar
Add classpath:	lib\simplefan.jar
Add classpath:	lib\ucp11.jar
Add classpath:	lib\xdb.jar
Add classpath:	lib\xmlparserv2.jar
Add classpath:	lib\xmlparserv2_sans_jaxp_services.jar
Add classpath:	lib\org.eclipse.persistence.core-2.7.10.jar
Add classpath:	lib\org.eclipse.persistence.asm-9.2.0.jar
Add classpath:	lib\org.eclipse.persistence.antlr-2.7.10.jar
Add classpath:	lib\org.eclipse.persistence.jpa-2.7.10.jar
Add classpath:	lib\org.eclipse.persistence.jpa.jpql-2.7.10.jar
Add classpath:	lib\org.eclipse.persistence.moxy-2.7.10.jar
Add classpath:	lib\jakarta.persistence-2.2.3.jar
Add classpath:	lib\javax.servlet-api-4.0.1.jar
Add classpath:	lib\postgresql-42.2.16.jar
Add classpath:	lib\javafx-base-20.0.1-linux.jar
Add classpath:	lib\javafx-base-20.0.1.jar
Add classpath:	lib\javafx-controls-20.0.1-linux.jar
Add classpath:	lib\javafx-controls-20.0.1.jar
Add classpath:	lib\javafx-graphics-20.0.1-linux.jar
Add classpath:	lib\javafx-graphics-20.0.1.jar
Add classpath:	lib\javafx-media-20.0.1-linux.jar
Add classpath:	lib\javafx-media-20.0.1.jar
Add classpath:	lib\javafx-web-20.0.1-linux.jar
Add classpath:	lib\javafx-web-20.0.1.jar
Add classpath:	lib\javafx-controls-21-ea+5.jar
Launcher:	C:\Users\consp\OneDrive\SYS WG0X\Windows 11\SYS WG0X\Desktop\exe\bin\jdk19.0.2\bin\javaw.exe
Launcher args:	-classpath "C:\Users\consp\OneDrive\SYS WG0X\Windows 11\SYS WG0X\Desktop\exe\ERP.exe;lib\swingx-action-1.7.5.jar;lib\swingx-autocomplete-1.7.5.jar;lib\swingx-common-1.7.5.jar;lib\swingx-core-1.7.5.jar;lib\swingx-graphics-1.7.5.jar;lib\swingx-painters-1.7.5.jar;lib\swingx-plaf-1.7.5.jar;lib\derby-10.16.1.1.jar;lib\derby.jar;lib\derby.war;lib\derbyLocale_cs.jar;lib\derbyLocale_de_DE.jar;lib\derbyLocale_es.jar;lib\derbyLocale_fr.jar;lib\derbyLocale_hu.jar;lib\derbyLocale_it.jar;lib\derbyLocale_ja_JP.jar;lib\derbyLocale_ko_KR.jar;lib\derbyLocale_pl.jar;lib\derbyLocale_pt_BR.jar;lib\derbyLocale_ru.jar;lib\derbyLocale_zh_CN.jar;lib\derbyLocale_zh_TW.jar;lib\derbyclient.jar;lib\derbynet.jar;lib\derbyoptionaltools.jar;lib\derbyrun.jar;lib\derbyshared.jar;lib\derbytools.jar;lib\AbsoluteLayout.jar;lib\ojdbc11.jar;lib\controlsfx-11.1.2.jar;lib\javafx-base-20.0.1-linux.jar;lib\javafx-base-20.0.1.jar;lib\javafx-graphics-20.0.1-linux.jar;lib\javafx-graphics-20.0.1.jar;lib\htmlcleaner-2.28.jar;lib\dms.jar;lib\ojdbc11.jar;lib\ons.jar;lib\oraclepki.jar;lib\orai18n.jar;lib\rsi.jar;lib\simplefan.jar;lib\ucp11.jar;lib\xdb.jar;lib\xmlparserv2.jar;lib\xmlparserv2_sans_jaxp_services.jar;lib\org.eclipse.persistence.core-2.7.10.jar;lib\org.eclipse.persistence.asm-9.2.0.jar;lib\org.eclipse.persistence.antlr-2.7.10.jar;lib\org.eclipse.persistence.jpa-2.7.10.jar;lib\org.eclipse.persistence.jpa.jpql-2.7.10.jar;lib\org.eclipse.persistence.moxy-2.7.10.jar;lib\jakarta.persistence-2.2.3.jar;lib\javax.servlet-api-4.0.1.jar;lib\postgresql-42.2.16.jar;lib\javafx-base-20.0.1-linux.jar;lib\javafx-base-20.0.1.jar;lib\javafx-controls-20.0.1-linux.jar;lib\javafx-controls-20.0.1.jar;lib\javafx-graphics-20.0.1-linux.jar;lib\javafx-graphics-20.0.1.jar;lib\javafx-media-20.0.1-linux.jar;lib\javafx-media-20.0.1.jar;lib\javafx-web-20.0.1-linux.jar;lib\javafx-web-20.0.1.jar;lib\javafx-controls-21-ea+5.jar" Account.LoginFrame
Args length:	1909/32768 chars
Exit code:	0


Version:	3.50
CmdLine:	C:\Users\consp\OneDrive\SYS WG0X\Windows 11\SYS WG0X\Desktop\exe\ERP.exe --l4j-debug
JNI:		No
WOW64:		Yes
Working dir:	C:\Users\consp\OneDrive\SYS WG0X\Windows 11\SYS WG0X\Desktop\exe\.
Requires JDK:	No
Requires 64-Bit: No
Java min ver:	
Java max ver:	
JRE paths:	bin\jdk19.0.2\bin
Check launcher:	C:\Users\consp\OneDrive\SYS WG0X\Windows 11\SYS WG0X\Desktop\exe\bin\jdk19.0.2\bin\javaw.exe (OK)
Version string: 1.019.000_002 / 64-Bit (OK)
Main class:	Account.LoginFrame
Add classpath:	lib\swingx-action-1.7.5.jar
Add classpath:	lib\swingx-autocomplete-1.7.5.jar
Add classpath:	lib\swingx-common-1.7.5.jar
Add classpath:	lib\swingx-core-1.7.5.jar
Add classpath:	lib\swingx-graphics-1.7.5.jar
Add classpath:	lib\swingx-painters-1.7.5.jar
Add classpath:	lib\swingx-plaf-1.7.5.jar
Add classpath:	lib\derby-10.16.1.1.jar
Add classpath:	lib\derby.jar
Add classpath:	lib\derby.war
Add classpath:	lib\derbyLocale_cs.jar
Add classpath:	lib\derbyLocale_de_DE.jar
Add classpath:	lib\derbyLocale_es.jar
Add classpath:	lib\derbyLocale_fr.jar
Add classpath:	lib\derbyLocale_hu.jar
Add classpath:	lib\derbyLocale_it.jar
Add classpath:	lib\derbyLocale_ja_JP.jar
Add classpath:	lib\derbyLocale_ko_KR.jar
Add classpath:	lib\derbyLocale_pl.jar
Add classpath:	lib\derbyLocale_pt_BR.jar
Add classpath:	lib\derbyLocale_ru.jar
Add classpath:	lib\derbyLocale_zh_CN.jar
Add classpath:	lib\derbyLocale_zh_TW.jar
Add classpath:	lib\derbyclient.jar
Add classpath:	lib\derbynet.jar
Add classpath:	lib\derbyoptionaltools.jar
Add classpath:	lib\derbyrun.jar
Add classpath:	lib\derbyshared.jar
Add classpath:	lib\derbytools.jar
Add classpath:	lib\AbsoluteLayout.jar
Add classpath:	lib\ojdbc11.jar
Add classpath:	lib\controlsfx-11.1.2.jar
Add classpath:	lib\javafx-base-20.0.1-linux.jar
Add classpath:	lib\javafx-base-20.0.1.jar
Add classpath:	lib\javafx-graphics-20.0.1-linux.jar
Add classpath:	lib\javafx-graphics-20.0.1.jar
Add classpath:	lib\htmlcleaner-2.28.jar
Add classpath:	lib\dms.jar
Add classpath:	lib\ojdbc11.jar
Add classpath:	lib\ons.jar
Add classpath:	lib\oraclepki.jar
Add classpath:	lib\orai18n.jar
Add classpath:	lib\rsi.jar
Add classpath:	lib\simplefan.jar
Add classpath:	lib\ucp11.jar
Add classpath:	lib\xdb.jar
Add classpath:	lib\xmlparserv2.jar
Add classpath:	lib\xmlparserv2_sans_jaxp_services.jar
Add classpath:	lib\org.eclipse.persistence.core-2.7.10.jar
Add classpath:	lib\org.eclipse.persistence.asm-9.2.0.jar
Add classpath:	lib\org.eclipse.persistence.antlr-2.7.10.jar
Add classpath:	lib\org.eclipse.persistence.jpa-2.7.10.jar
Add classpath:	lib\org.eclipse.persistence.jpa.jpql-2.7.10.jar
Add classpath:	lib\org.eclipse.persistence.moxy-2.7.10.jar
Add classpath:	lib\jakarta.persistence-2.2.3.jar
Add classpath:	lib\javax.servlet-api-4.0.1.jar
Add classpath:	lib\postgresql-42.2.16.jar
Add classpath:	lib\javafx-base-20.0.1-linux.jar
Add classpath:	lib\javafx-base-20.0.1.jar
Add classpath:	lib\javafx-controls-20.0.1-linux.jar
Add classpath:	lib\javafx-controls-20.0.1.jar
Add classpath:	lib\javafx-graphics-20.0.1-linux.jar
Add classpath:	lib\javafx-graphics-20.0.1.jar
Add classpath:	lib\javafx-media-20.0.1-linux.jar
Add classpath:	lib\javafx-media-20.0.1.jar
Add classpath:	lib\javafx-web-20.0.1-linux.jar
Add classpath:	lib\javafx-web-20.0.1.jar
Add classpath:	lib\javafx-controls-21-ea+5.jar
Launcher:	C:\Users\consp\OneDrive\SYS WG0X\Windows 11\SYS WG0X\Desktop\exe\bin\jdk19.0.2\bin\javaw.exe
Launcher args:	-classpath "C:\Users\consp\OneDrive\SYS WG0X\Windows 11\SYS WG0X\Desktop\exe\ERP.exe;lib\swingx-action-1.7.5.jar;lib\swingx-autocomplete-1.7.5.jar;lib\swingx-common-1.7.5.jar;lib\swingx-core-1.7.5.jar;lib\swingx-graphics-1.7.5.jar;lib\swingx-painters-1.7.5.jar;lib\swingx-plaf-1.7.5.jar;lib\derby-10.16.1.1.jar;lib\derby.jar;lib\derby.war;lib\derbyLocale_cs.jar;lib\derbyLocale_de_DE.jar;lib\derbyLocale_es.jar;lib\derbyLocale_fr.jar;lib\derbyLocale_hu.jar;lib\derbyLocale_it.jar;lib\derbyLocale_ja_JP.jar;lib\derbyLocale_ko_KR.jar;lib\derbyLocale_pl.jar;lib\derbyLocale_pt_BR.jar;lib\derbyLocale_ru.jar;lib\derbyLocale_zh_CN.jar;lib\derbyLocale_zh_TW.jar;lib\derbyclient.jar;lib\derbynet.jar;lib\derbyoptionaltools.jar;lib\derbyrun.jar;lib\derbyshared.jar;lib\derbytools.jar;lib\AbsoluteLayout.jar;lib\ojdbc11.jar;lib\controlsfx-11.1.2.jar;lib\javafx-base-20.0.1-linux.jar;lib\javafx-base-20.0.1.jar;lib\javafx-graphics-20.0.1-linux.jar;lib\javafx-graphics-20.0.1.jar;lib\htmlcleaner-2.28.jar;lib\dms.jar;lib\ojdbc11.jar;lib\ons.jar;lib\oraclepki.jar;lib\orai18n.jar;lib\rsi.jar;lib\simplefan.jar;lib\ucp11.jar;lib\xdb.jar;lib\xmlparserv2.jar;lib\xmlparserv2_sans_jaxp_services.jar;lib\org.eclipse.persistence.core-2.7.10.jar;lib\org.eclipse.persistence.asm-9.2.0.jar;lib\org.eclipse.persistence.antlr-2.7.10.jar;lib\org.eclipse.persistence.jpa-2.7.10.jar;lib\org.eclipse.persistence.jpa.jpql-2.7.10.jar;lib\org.eclipse.persistence.moxy-2.7.10.jar;lib\jakarta.persistence-2.2.3.jar;lib\javax.servlet-api-4.0.1.jar;lib\postgresql-42.2.16.jar;lib\javafx-base-20.0.1-linux.jar;lib\javafx-base-20.0.1.jar;lib\javafx-controls-20.0.1-linux.jar;lib\javafx-controls-20.0.1.jar;lib\javafx-graphics-20.0.1-linux.jar;lib\javafx-graphics-20.0.1.jar;lib\javafx-media-20.0.1-linux.jar;lib\javafx-media-20.0.1.jar;lib\javafx-web-20.0.1-linux.jar;lib\javafx-web-20.0.1.jar;lib\javafx-controls-21-ea+5.jar" Account.LoginFrame
Args length:	1909/32768 chars
Exit code:	0


Version:	3.50
CmdLine:	C:\Users\consp\OneDrive\SYS WG0X\Windows 11\SYS WG0X\Desktop\exe\ERP.exe --l4j-debug
JNI:		No
WOW64:		Yes
Working dir:	C:\Users\consp\OneDrive\SYS WG0X\Windows 11\SYS WG0X\Desktop\exe\.
Requires JDK:	No
Requires 64-Bit: No
Java min ver:	
Java max ver:	
JRE paths:	bin\jdk19.0.2\bin
Check launcher:	C:\Users\consp\OneDrive\SYS WG0X\Windows 11\SYS WG0X\Desktop\exe\bin\jdk19.0.2\bin\javaw.exe (OK)
Version string: 1.019.000_002 / 64-Bit (OK)
Main class:	Account.LoginFrame
Add classpath:	lib\swingx-action-1.7.5.jar
Add classpath:	lib\swingx-autocomplete-1.7.5.jar
Add classpath:	lib\swingx-common-1.7.5.jar
Add classpath:	lib\swingx-core-1.7.5.jar
Add classpath:	lib\swingx-graphics-1.7.5.jar
Add classpath:	lib\swingx-painters-1.7.5.jar
Add classpath:	lib\swingx-plaf-1.7.5.jar
Add classpath:	lib\derby-10.16.1.1.jar
Add classpath:	lib\derby.jar
Add classpath:	lib\derby.war
Add classpath:	lib\derbyLocale_cs.jar
Add classpath:	lib\derbyLocale_de_DE.jar
Add classpath:	lib\derbyLocale_es.jar
Add classpath:	lib\derbyLocale_fr.jar
Add classpath:	lib\derbyLocale_hu.jar
Add classpath:	lib\derbyLocale_it.jar
Add classpath:	lib\derbyLocale_ja_JP.jar
Add classpath:	lib\derbyLocale_ko_KR.jar
Add classpath:	lib\derbyLocale_pl.jar
Add classpath:	lib\derbyLocale_pt_BR.jar
Add classpath:	lib\derbyLocale_ru.jar
Add classpath:	lib\derbyLocale_zh_CN.jar
Add classpath:	lib\derbyLocale_zh_TW.jar
Add classpath:	lib\derbyclient.jar
Add classpath:	lib\derbynet.jar
Add classpath:	lib\derbyoptionaltools.jar
Add classpath:	lib\derbyrun.jar
Add classpath:	lib\derbyshared.jar
Add classpath:	lib\derbytools.jar
Add classpath:	lib\AbsoluteLayout.jar
Add classpath:	lib\ojdbc11.jar
Add classpath:	lib\controlsfx-11.1.2.jar
Add classpath:	lib\javafx-base-20.0.1-linux.jar
Add classpath:	lib\javafx-base-20.0.1.jar
Add classpath:	lib\javafx-graphics-20.0.1-linux.jar
Add classpath:	lib\javafx-graphics-20.0.1.jar
Add classpath:	lib\htmlcleaner-2.28.jar
Add classpath:	lib\dms.jar
Add classpath:	lib\ojdbc11.jar
Add classpath:	lib\ons.jar
Add classpath:	lib\oraclepki.jar
Add classpath:	lib\orai18n.jar
Add classpath:	lib\rsi.jar
Add classpath:	lib\simplefan.jar
Add classpath:	lib\ucp11.jar
Add classpath:	lib\xdb.jar
Add classpath:	lib\xmlparserv2.jar
Add classpath:	lib\xmlparserv2_sans_jaxp_services.jar
Add classpath:	lib\org.eclipse.persistence.core-2.7.10.jar
Add classpath:	lib\org.eclipse.persistence.asm-9.2.0.jar
Add classpath:	lib\org.eclipse.persistence.antlr-2.7.10.jar
Add classpath:	lib\org.eclipse.persistence.jpa-2.7.10.jar
Add classpath:	lib\org.eclipse.persistence.jpa.jpql-2.7.10.jar
Add classpath:	lib\org.eclipse.persistence.moxy-2.7.10.jar
Add classpath:	lib\jakarta.persistence-2.2.3.jar
Add classpath:	lib\javax.servlet-api-4.0.1.jar
Add classpath:	lib\postgresql-42.2.16.jar
Add classpath:	lib\javafx-base-20.0.1-linux.jar
Add classpath:	lib\javafx-base-20.0.1.jar
Add classpath:	lib\javafx-controls-20.0.1-linux.jar
Add classpath:	lib\javafx-controls-20.0.1.jar
Add classpath:	lib\javafx-graphics-20.0.1-linux.jar
Add classpath:	lib\javafx-graphics-20.0.1.jar
Add classpath:	lib\javafx-media-20.0.1-linux.jar
Add classpath:	lib\javafx-media-20.0.1.jar
Add classpath:	lib\javafx-web-20.0.1-linux.jar
Add classpath:	lib\javafx-web-20.0.1.jar
Add classpath:	lib\javafx-controls-21-ea+5.jar
Launcher:	C:\Users\consp\OneDrive\SYS WG0X\Windows 11\SYS WG0X\Desktop\exe\bin\jdk19.0.2\bin\javaw.exe
Launcher args:	-classpath "C:\Users\consp\OneDrive\SYS WG0X\Windows 11\SYS WG0X\Desktop\exe\ERP.exe;lib\swingx-action-1.7.5.jar;lib\swingx-autocomplete-1.7.5.jar;lib\swingx-common-1.7.5.jar;lib\swingx-core-1.7.5.jar;lib\swingx-graphics-1.7.5.jar;lib\swingx-painters-1.7.5.jar;lib\swingx-plaf-1.7.5.jar;lib\derby-10.16.1.1.jar;lib\derby.jar;lib\derby.war;lib\derbyLocale_cs.jar;lib\derbyLocale_de_DE.jar;lib\derbyLocale_es.jar;lib\derbyLocale_fr.jar;lib\derbyLocale_hu.jar;lib\derbyLocale_it.jar;lib\derbyLocale_ja_JP.jar;lib\derbyLocale_ko_KR.jar;lib\derbyLocale_pl.jar;lib\derbyLocale_pt_BR.jar;lib\derbyLocale_ru.jar;lib\derbyLocale_zh_CN.jar;lib\derbyLocale_zh_TW.jar;lib\derbyclient.jar;lib\derbynet.jar;lib\derbyoptionaltools.jar;lib\derbyrun.jar;lib\derbyshared.jar;lib\derbytools.jar;lib\AbsoluteLayout.jar;lib\ojdbc11.jar;lib\controlsfx-11.1.2.jar;lib\javafx-base-20.0.1-linux.jar;lib\javafx-base-20.0.1.jar;lib\javafx-graphics-20.0.1-linux.jar;lib\javafx-graphics-20.0.1.jar;lib\htmlcleaner-2.28.jar;lib\dms.jar;lib\ojdbc11.jar;lib\ons.jar;lib\oraclepki.jar;lib\orai18n.jar;lib\rsi.jar;lib\simplefan.jar;lib\ucp11.jar;lib\xdb.jar;lib\xmlparserv2.jar;lib\xmlparserv2_sans_jaxp_services.jar;lib\org.eclipse.persistence.core-2.7.10.jar;lib\org.eclipse.persistence.asm-9.2.0.jar;lib\org.eclipse.persistence.antlr-2.7.10.jar;lib\org.eclipse.persistence.jpa-2.7.10.jar;lib\org.eclipse.persistence.jpa.jpql-2.7.10.jar;lib\org.eclipse.persistence.moxy-2.7.10.jar;lib\jakarta.persistence-2.2.3.jar;lib\javax.servlet-api-4.0.1.jar;lib\postgresql-42.2.16.jar;lib\javafx-base-20.0.1-linux.jar;lib\javafx-base-20.0.1.jar;lib\javafx-controls-20.0.1-linux.jar;lib\javafx-controls-20.0.1.jar;lib\javafx-graphics-20.0.1-linux.jar;lib\javafx-graphics-20.0.1.jar;lib\javafx-media-20.0.1-linux.jar;lib\javafx-media-20.0.1.jar;lib\javafx-web-20.0.1-linux.jar;lib\javafx-web-20.0.1.jar;lib\javafx-controls-21-ea+5.jar" Account.LoginFrame
Args length:	1909/32768 chars
Exit code:	0
